<?xml version="1.0" encoding="UTF-8"?>
<!-- Generated by org.testng.reporters.JUnitReportReporter -->
<testsuite hostname="SBR-DEVP-26" name="pcloudy.testng.DriverExecution" tests="1" failures="0" timestamp="28 Aug 2019 09:20:23 GMT" time="154.370" errors="0">
  <testcase name="test1" time="154.370" classname="pcloudy.testng.DriverExecution"/>
</testsuite> <!-- pcloudy.testng.DriverExecution -->
