<?xml version="1.0" encoding="UTF-8"?>
<!-- Generated by org.testng.reporters.JUnitReportReporter -->
<testsuite hostname="SBR-DEVP-26" name="pcloudy.testng.frameworkcalling" tests="3" failures="0" timestamp="22 Aug 2019 07:15:40 GMT" time="229.541" errors="0">
  <testcase name="test1" time="64.360" classname="pcloudy.testng.frameworkcalling"/>
  <testcase name="test1" time="95.842" classname="pcloudy.testng.frameworkcalling"/>
  <testcase name="test1" time="69.339" classname="pcloudy.testng.frameworkcalling"/>
</testsuite> <!-- pcloudy.testng.frameworkcalling -->
